<?xml version="1.0" encoding="UTF-8"?>
<!-- Generated by org.testng.reporters.JUnitXMLReporter -->
<testsuite ignored="0" hostname="ES3027813W1" failures="0" tests="13" name="Pruebas sin identificacion" time="54.506" errors="0" timestamp="2021-01-22T12:39:52 CET">
  <testcase classname="zz210120.CargaNotificacionesY3Mas" name="masAyuda" time="0.428"/>
  <testcase classname="zz210120.CargaNotificacionesY3Mas" name="masContacto" time="2.847"/>
  <testcase classname="zz210120.CargaNotificacionesY3Mas" name="masPrivacidad" time="0.759"/>
  <testcase classname="zz210120.CargaNotificacionesY3Mas" name="mostarNotificaciones" time="0.105"/>
  <testcase classname="zz210120.AbrirCoronavirus" name="comprobarEnlaceCoronavirus" time="2.688"/>
  <testcase classname="zz210120.PedirCita2Links" name="paginaInicioCitaPreviaAtencionHospitalaria" time="2.244"/>
  <testcase classname="zz210120.PedirCita2Links" name="paginaInicioCitaPreviaAtencionPrimaria" time="1.691"/>
  <testcase classname="zz210120.TelefonoPopUp" name="comprobarClickTelefono" time="0.282"/>
  <testcase classname="zz210120.EncontrarFarmaciaConFecha" name="encuentraFarmaciaCuencaAlarcon30Dic2020" time="7.845"/>
  <testcase classname="zz210120.EncontrarFarmaciaConFecha" name="encuentraFarmaciaParametros" time="8.551"/>
  <testcase classname="zz210120.EncontrarFarmaciaConFecha" name="encuentraFarmaciaParametros" time="6.469"/>
  <testcase classname="zz210120.EncontrarFarmaciaConFecha" name="encuentraFarmaciaParametros" time="5.55"/>
  <testcase classname="zz210120.EncontrarFarmaciaConFecha" name="encuentraFarmaciaParametros" time="6.848"/>
</testsuite> <!-- Pruebas sin identificacion -->
