<?xml version="1.0" encoding="UTF-8"?>
<!-- Generated by org.testng.reporters.JUnitXMLReporter -->
<testsuite ignored="1" hostname="ES3027813W1" failures="0" tests="10" name="Pruebas con identificacion necesaria" time="48.724" errors="0" timestamp="2021-01-22T13:20:05 CET">
  <testcase classname="zz210120.IniciarSesionDniElectronico" name="identificarmeVistaEscritorio" time="28.926"/>
  <testcase classname="zz210120.MiPerfilPrivado" name="historiaClinicaSNS" time="1.696"/>
  <testcase classname="zz210120.MiPerfilPrivado" name="testeoDniEscrito" time="0.244"/>
  <testcase classname="zz210120.MiPerfilPrivado" name="testeoMisProfesionales" time="0.135"/>
  <testcase classname="zz210120.ComprobarCarpetaSalud6Links" name="comprobarCarpetaDeSaludAlergias" time="2.035"/>
  <testcase classname="zz210120.ComprobarCarpetaSalud6Links" name="comprobarCarpetaDeSaludInformes" time="0.204"/>
  <testcase classname="zz210120.ComprobarCarpetaSalud6Links" name="comprobarCarpetaDeSaludListaEspera" time="12.843"/>
  <testcase classname="zz210120.ComprobarCarpetaSalud6Links" name="comprobarCarpetaDeSaludMedicacion" time="0.192"/>
  <testcase classname="zz210120.ComprobarCarpetaSalud6Links" name="comprobarCarpetaDeSaludMisCitas" time="1.729"/>
  <testcase classname="zz210120.ComprobarCarpetaSalud6Links" name="comprobarCarpetaDeSaludVacunas" time="0.676"/>
  <testcase classname="zz210120.MiPerfilPrivado" name="logoutDesdePrivado" time="0.0">
    <ignored/>
  </testcase> <!-- logoutDesdePrivado -->
</testsuite> <!-- Pruebas con identificacion necesaria -->
