<?xml version="1.0" encoding="UTF-8"?>
<testng-results ignored="1" total="24" passed="22" failed="1" skipped="0">
  <reporter-output>
  </reporter-output>
  <suite started-at="2021-01-22T13:19:16 CET" name="Conjunto de todas las pruebas" finished-at="2021-01-22T13:20:58 CET" duration-ms="102065">
    <groups>
    </groups>
    <test started-at="2021-01-22T13:19:16 CET" name="Pruebas con identificacion necesaria" finished-at="2021-01-22T13:20:05 CET" duration-ms="48724">
      <class name="zz210120.ComprobarCarpetaSalud6Links">
        <test-method is-config="true" signature="cargaPropiedadesMásIdentificarSiNoSeHaHecho()[pri:0, instance:zz210120.ComprobarCarpetaSalud6Links@62e7f11d]" started-at="2021-01-22T13:19:47 CET" name="cargaPropiedadesMásIdentificarSiNoSeHaHecho" finished-at="2021-01-22T13:19:47 CET" duration-ms="0" status="PASS">
          <reporter-output>
          </reporter-output>
        </test-method> <!-- cargaPropiedadesMásIdentificarSiNoSeHaHecho -->
        <test-method signature="comprobarCarpetaDeSaludAlergias()[pri:0, instance:zz210120.ComprobarCarpetaSalud6Links@62e7f11d]" started-at="2021-01-22T13:19:47 CET" name="comprobarCarpetaDeSaludAlergias" finished-at="2021-01-22T13:19:49 CET" duration-ms="2035" status="PASS">
          <reporter-output>
          </reporter-output>
        </test-method> <!-- comprobarCarpetaDeSaludAlergias -->
        <test-method signature="comprobarCarpetaDeSaludInformes()[pri:0, instance:zz210120.ComprobarCarpetaSalud6Links@62e7f11d]" started-at="2021-01-22T13:19:49 CET" name="comprobarCarpetaDeSaludInformes" finished-at="2021-01-22T13:19:50 CET" duration-ms="204" status="PASS">
          <reporter-output>
          </reporter-output>
        </test-method> <!-- comprobarCarpetaDeSaludInformes -->
        <test-method signature="comprobarCarpetaDeSaludListaEspera()[pri:0, instance:zz210120.ComprobarCarpetaSalud6Links@62e7f11d]" started-at="2021-01-22T13:19:50 CET" name="comprobarCarpetaDeSaludListaEspera" finished-at="2021-01-22T13:20:02 CET" duration-ms="12843" status="PASS">
          <reporter-output>
          </reporter-output>
        </test-method> <!-- comprobarCarpetaDeSaludListaEspera -->
        <test-method signature="comprobarCarpetaDeSaludMedicacion()[pri:0, instance:zz210120.ComprobarCarpetaSalud6Links@62e7f11d]" started-at="2021-01-22T13:20:02 CET" name="comprobarCarpetaDeSaludMedicacion" finished-at="2021-01-22T13:20:03 CET" duration-ms="192" status="PASS">
          <reporter-output>
          </reporter-output>
        </test-method> <!-- comprobarCarpetaDeSaludMedicacion -->
        <test-method signature="comprobarCarpetaDeSaludMisCitas()[pri:0, instance:zz210120.ComprobarCarpetaSalud6Links@62e7f11d]" started-at="2021-01-22T13:20:03 CET" name="comprobarCarpetaDeSaludMisCitas" finished-at="2021-01-22T13:20:04 CET" duration-ms="1729" status="PASS">
          <reporter-output>
          </reporter-output>
        </test-method> <!-- comprobarCarpetaDeSaludMisCitas -->
        <test-method signature="comprobarCarpetaDeSaludVacunas()[pri:0, instance:zz210120.ComprobarCarpetaSalud6Links@62e7f11d]" started-at="2021-01-22T13:20:04 CET" name="comprobarCarpetaDeSaludVacunas" finished-at="2021-01-22T13:20:05 CET" duration-ms="676" status="PASS">
          <reporter-output>
          </reporter-output>
        </test-method> <!-- comprobarCarpetaDeSaludVacunas -->
      </class> <!-- zz210120.ComprobarCarpetaSalud6Links -->
      <class name="zz210120.IniciarSesionDniElectronico">
        <test-method signature="identificarmeVistaEscritorio()[pri:0, instance:zz210120.IniciarSesionDniElectronico@4da4253]" started-at="2021-01-22T13:19:16 CET" name="identificarmeVistaEscritorio" finished-at="2021-01-22T13:19:45 CET" duration-ms="28926" status="PASS">
          <reporter-output>
          </reporter-output>
        </test-method> <!-- identificarmeVistaEscritorio -->
      </class> <!-- zz210120.IniciarSesionDniElectronico -->
      <class name="zz210120.MiPerfilPrivado">
        <test-method is-config="true" signature="cargaPropiedadesMásIdentificarSiNoSeHaHecho()[pri:0, instance:zz210120.MiPerfilPrivado@3972a855]" started-at="2021-01-22T13:19:45 CET" name="cargaPropiedadesMásIdentificarSiNoSeHaHecho" finished-at="2021-01-22T13:19:45 CET" duration-ms="0" status="PASS">
          <reporter-output>
          </reporter-output>
        </test-method> <!-- cargaPropiedadesMásIdentificarSiNoSeHaHecho -->
        <test-method signature="historiaClinicaSNS()[pri:0, instance:zz210120.MiPerfilPrivado@3972a855]" started-at="2021-01-22T13:19:45 CET" name="historiaClinicaSNS" finished-at="2021-01-22T13:19:47 CET" duration-ms="1696" status="PASS">
          <reporter-output>
          </reporter-output>
        </test-method> <!-- historiaClinicaSNS -->
        <test-method signature="testeoDniEscrito()[pri:0, instance:zz210120.MiPerfilPrivado@3972a855]" started-at="2021-01-22T13:19:47 CET" name="testeoDniEscrito" finished-at="2021-01-22T13:19:47 CET" duration-ms="244" status="PASS">
          <reporter-output>
          </reporter-output>
        </test-method> <!-- testeoDniEscrito -->
        <test-method signature="testeoMisProfesionales()[pri:0, instance:zz210120.MiPerfilPrivado@3972a855]" started-at="2021-01-22T13:19:47 CET" name="testeoMisProfesionales" finished-at="2021-01-22T13:19:47 CET" duration-ms="135" status="PASS">
          <reporter-output>
          </reporter-output>
        </test-method> <!-- testeoMisProfesionales -->
      </class> <!-- zz210120.MiPerfilPrivado -->
    </test> <!-- Pruebas con identificacion necesaria -->
    <test started-at="2021-01-22T13:20:05 CET" name="Pruebas sin identificacion" finished-at="2021-01-22T13:20:58 CET" duration-ms="53286">
      <class name="zz210120.EncontrarFarmaciaConFecha">
        <test-method is-config="true" signature="cargaPropiedadesMásIdentificarSiNoSeHaHecho()[pri:0, instance:zz210120.EncontrarFarmaciaConFecha@1b6e1eff]" started-at="2021-01-22T13:20:19 CET" name="cargaPropiedadesMásIdentificarSiNoSeHaHecho" finished-at="2021-01-22T13:20:19 CET" duration-ms="0" status="PASS">
          <reporter-output>
          </reporter-output>
        </test-method> <!-- cargaPropiedadesMásIdentificarSiNoSeHaHecho -->
        <test-method is-config="true" signature="cargarPaginaInicial()[pri:0, instance:zz210120.EncontrarFarmaciaConFecha@1b6e1eff]" started-at="2021-01-22T13:20:19 CET" name="cargarPaginaInicial" finished-at="2021-01-22T13:20:20 CET" duration-ms="317" status="PASS">
          <reporter-output>
          </reporter-output>
        </test-method> <!-- cargarPaginaInicial -->
        <test-method signature="encuentraFarmaciaCuencaAlarcon30Dic2020()[pri:0, instance:zz210120.EncontrarFarmaciaConFecha@1b6e1eff]" started-at="2021-01-22T13:20:20 CET" name="encuentraFarmaciaCuencaAlarcon30Dic2020" finished-at="2021-01-22T13:20:30 CET" duration-ms="9813" status="PASS">
          <reporter-output>
          </reporter-output>
        </test-method> <!-- encuentraFarmaciaCuencaAlarcon30Dic2020 -->
        <test-method is-config="true" signature="cargarPaginaInicial()[pri:0, instance:zz210120.EncontrarFarmaciaConFecha@1b6e1eff]" started-at="2021-01-22T13:20:30 CET" name="cargarPaginaInicial" finished-at="2021-01-22T13:20:30 CET" duration-ms="804" status="PASS">
          <reporter-output>
          </reporter-output>
        </test-method> <!-- cargarPaginaInicial -->
        <test-method signature="encuentraFarmaciaParametros(java.lang.String, java.lang.String, java.lang.String, java.lang.String, java.lang.String)[pri:0, instance:zz210120.EncontrarFarmaciaConFecha@1b6e1eff]" started-at="2021-01-22T13:20:30 CET" name="encuentraFarmaciaParametros" data-provider="EncoFarmProvider" finished-at="2021-01-22T13:20:39 CET" duration-ms="8178" status="PASS">
          <params>
            <param index="0">
              <value>
                <![CDATA[CUENCA]]>
              </value>
            </param>
            <param index="1">
              <value>
                <![CDATA[ALARCON]]>
              </value>
            </param>
            <param index="2">
              <value>
                <![CDATA[2020]]>
              </value>
            </param>
            <param index="3">
              <value>
                <![CDATA[DIC]]>
              </value>
            </param>
            <param index="4">
              <value>
                <![CDATA[30]]>
              </value>
            </param>
          </params>
          <reporter-output>
          </reporter-output>
        </test-method> <!-- encuentraFarmaciaParametros -->
        <test-method is-config="true" signature="cargarPaginaInicial()[pri:0, instance:zz210120.EncontrarFarmaciaConFecha@1b6e1eff]" started-at="2021-01-22T13:20:39 CET" name="cargarPaginaInicial" finished-at="2021-01-22T13:20:39 CET" duration-ms="740" status="PASS">
          <reporter-output>
          </reporter-output>
        </test-method> <!-- cargarPaginaInicial -->
        <test-method signature="encuentraFarmaciaParametros(java.lang.String, java.lang.String, java.lang.String, java.lang.String, java.lang.String)[pri:0, instance:zz210120.EncontrarFarmaciaConFecha@1b6e1eff]" started-at="2021-01-22T13:20:39 CET" name="encuentraFarmaciaParametros" data-provider="EncoFarmProvider" finished-at="2021-01-22T13:20:47 CET" duration-ms="7529" status="PASS">
          <params>
            <param index="0">
              <value>
                <![CDATA[ALBACETE]]>
              </value>
            </param>
            <param index="1">
              <value>
                <![CDATA[CILANCO]]>
              </value>
            </param>
            <param index="2">
              <value>
                <![CDATA[2020]]>
              </value>
            </param>
            <param index="3">
              <value>
                <![CDATA[FEB]]>
              </value>
            </param>
            <param index="4">
              <value>
                <![CDATA[16]]>
              </value>
            </param>
          </params>
          <reporter-output>
          </reporter-output>
        </test-method> <!-- encuentraFarmaciaParametros -->
        <test-method is-config="true" signature="cargarPaginaInicial()[pri:0, instance:zz210120.EncontrarFarmaciaConFecha@1b6e1eff]" started-at="2021-01-22T13:20:47 CET" name="cargarPaginaInicial" finished-at="2021-01-22T13:20:47 CET" duration-ms="426" status="PASS">
          <reporter-output>
          </reporter-output>
        </test-method> <!-- cargarPaginaInicial -->
        <test-method signature="encuentraFarmaciaParametros(java.lang.String, java.lang.String, java.lang.String, java.lang.String, java.lang.String)[pri:0, instance:zz210120.EncontrarFarmaciaConFecha@1b6e1eff]" started-at="2021-01-22T13:20:47 CET" name="encuentraFarmaciaParametros" data-provider="EncoFarmProvider" finished-at="2021-01-22T13:20:49 CET" duration-ms="1750" status="FAIL">
          <params>
            <param index="0">
              <value>
                <![CDATA[CIUDAD REAL]]>
              </value>
            </param>
            <param index="1">
              <value>
                <![CDATA[ALAMILLO]]>
              </value>
            </param>
            <param index="2">
              <value>
                <![CDATA[2019]]>
              </value>
            </param>
            <param index="3">
              <value>
                <![CDATA[ENE]]>
              </value>
            </param>
            <param index="4">
              <value>
                <![CDATA[11]]>
              </value>
            </param>
          </params>
          <exception class="org.openqa.selenium.ElementClickInterceptedException">
            <message>
              <![CDATA[element click intercepted: Element <span class="mat-button-wrapper">...</span> is not clickable at point (765, 177). Other element would receive the click: <mat-calendar cdktrapfocus="" class="mat-calendar ng-tns-c107-1 ng-trigger ng-trigger-fadeInCalendar" id="mat-datepicker-0" style="opacity: 1;">...</mat-calendar>
  (Session info: chrome=87.0.4280.141)
Build info: version: '3.141.59', revision: 'e82be7d358', time: '2018-11-14T08:17:03'
System info: host: 'ES3027813W1', ip: '192.168.1.23', os.name: 'Windows 10', os.arch: 'amd64', os.version: '10.0', java.version: '15.0.1'
Driver info: org.openqa.selenium.chrome.ChromeDriver
Capabilities {acceptInsecureCerts: false, browserName: chrome, browserVersion: 87.0.4280.141, chrome: {chromedriverVersion: 87.0.4280.88 (89e2380a3e36c..., userDataDir: C:\Users\MB773HM\AppData\Lo...}, goog:chromeOptions: {debuggerAddress: localhost:64187}, javascriptEnabled: true, networkConnectionEnabled: false, pageLoadStrategy: normal, platform: WINDOWS, platformName: WINDOWS, proxy: Proxy(), setWindowRect: true, strictFileInteractability: false, timeouts: {implicit: 0, pageLoad: 300000, script: 30000}, unhandledPromptBehavior: dismiss and notify, webauthn:virtualAuthenticators: true}
Session ID: da90821a1a001d5a02cddf68d46b1195]]>
            </message>
            <full-stacktrace>
              <![CDATA[org.openqa.selenium.ElementClickInterceptedException: element click intercepted: Element <span class="mat-button-wrapper">...</span> is not clickable at point (765, 177). Other element would receive the click: <mat-calendar cdktrapfocus="" class="mat-calendar ng-tns-c107-1 ng-trigger ng-trigger-fadeInCalendar" id="mat-datepicker-0" style="opacity: 1;">...</mat-calendar>
  (Session info: chrome=87.0.4280.141)
Build info: version: '3.141.59', revision: 'e82be7d358', time: '2018-11-14T08:17:03'
System info: host: 'ES3027813W1', ip: '192.168.1.23', os.name: 'Windows 10', os.arch: 'amd64', os.version: '10.0', java.version: '15.0.1'
Driver info: org.openqa.selenium.chrome.ChromeDriver
Capabilities {acceptInsecureCerts: false, browserName: chrome, browserVersion: 87.0.4280.141, chrome: {chromedriverVersion: 87.0.4280.88 (89e2380a3e36c..., userDataDir: C:\Users\MB773HM\AppData\Lo...}, goog:chromeOptions: {debuggerAddress: localhost:64187}, javascriptEnabled: true, networkConnectionEnabled: false, pageLoadStrategy: normal, platform: WINDOWS, platformName: WINDOWS, proxy: Proxy(), setWindowRect: true, strictFileInteractability: false, timeouts: {implicit: 0, pageLoad: 300000, script: 30000}, unhandledPromptBehavior: dismiss and notify, webauthn:virtualAuthenticators: true}
Session ID: da90821a1a001d5a02cddf68d46b1195
at java.base/jdk.internal.reflect.NativeConstructorAccessorImpl.newInstance0(Native Method)
at java.base/jdk.internal.reflect.NativeConstructorAccessorImpl.newInstance(Unknown Source)
at java.base/jdk.internal.reflect.DelegatingConstructorAccessorImpl.newInstance(Unknown Source)
at java.base/java.lang.reflect.Constructor.newInstanceWithCaller(Unknown Source)
at java.base/java.lang.reflect.Constructor.newInstance(Unknown Source)
at org.openqa.selenium.remote.http.W3CHttpResponseCodec.createException(W3CHttpResponseCodec.java:187)
at org.openqa.selenium.remote.http.W3CHttpResponseCodec.decode(W3CHttpResponseCodec.java:122)
at org.openqa.selenium.remote.http.W3CHttpResponseCodec.decode(W3CHttpResponseCodec.java:49)
at org.openqa.selenium.remote.HttpCommandExecutor.execute(HttpCommandExecutor.java:158)
at org.openqa.selenium.remote.service.DriverCommandExecutor.execute(DriverCommandExecutor.java:83)
at org.openqa.selenium.remote.RemoteWebDriver.execute(RemoteWebDriver.java:552)
at org.openqa.selenium.remote.RemoteWebElement.execute(RemoteWebElement.java:285)
at org.openqa.selenium.remote.RemoteWebElement.click(RemoteWebElement.java:84)
at zz210120.EncontrarFarmaciaConFecha.encuentraFarmaciaParametros(EncontrarFarmaciaConFecha.java:122)
at java.base/jdk.internal.reflect.NativeMethodAccessorImpl.invoke0(Native Method)
at java.base/jdk.internal.reflect.NativeMethodAccessorImpl.invoke(Unknown Source)
at java.base/jdk.internal.reflect.DelegatingMethodAccessorImpl.invoke(Unknown Source)
at java.base/java.lang.reflect.Method.invoke(Unknown Source)
at org.testng.internal.MethodInvocationHelper.invokeMethod(MethodInvocationHelper.java:132)
at org.testng.internal.TestInvoker.invokeMethod(TestInvoker.java:599)
at org.testng.internal.TestInvoker.invokeTestMethod(TestInvoker.java:174)
at org.testng.internal.MethodRunner.runInSequence(MethodRunner.java:46)
at org.testng.internal.TestInvoker$MethodInvocationAgent.invoke(TestInvoker.java:822)
at org.testng.internal.TestInvoker.invokeTestMethods(TestInvoker.java:147)
at org.testng.internal.TestMethodWorker.invokeTestMethods(TestMethodWorker.java:146)
at org.testng.internal.TestMethodWorker.run(TestMethodWorker.java:128)
at java.base/java.util.ArrayList.forEach(Unknown Source)
at org.testng.TestRunner.privateRun(TestRunner.java:764)
at org.testng.TestRunner.run(TestRunner.java:585)
at org.testng.SuiteRunner.runTest(SuiteRunner.java:384)
at org.testng.SuiteRunner.runSequentially(SuiteRunner.java:378)
at org.testng.SuiteRunner.privateRun(SuiteRunner.java:337)
at org.testng.SuiteRunner.run(SuiteRunner.java:286)
at org.testng.SuiteRunnerWorker.runSuite(SuiteRunnerWorker.java:53)
at org.testng.SuiteRunnerWorker.run(SuiteRunnerWorker.java:96)
at org.testng.TestNG.runSuitesSequentially(TestNG.java:1218)
at org.testng.TestNG.runSuitesLocally(TestNG.java:1140)
at org.testng.TestNG.runSuites(TestNG.java:1069)
at org.testng.TestNG.run(TestNG.java:1037)
at org.testng.remote.AbstractRemoteTestNG.run(AbstractRemoteTestNG.java:115)
at org.testng.remote.RemoteTestNG.initAndRun(RemoteTestNG.java:251)
at org.testng.remote.RemoteTestNG.main(RemoteTestNG.java:77)
]]>
            </full-stacktrace>
          </exception> <!-- org.openqa.selenium.ElementClickInterceptedException -->
          <reporter-output>
          </reporter-output>
        </test-method> <!-- encuentraFarmaciaParametros -->
        <test-method is-config="true" signature="cargarPaginaInicial()[pri:0, instance:zz210120.EncontrarFarmaciaConFecha@1b6e1eff]" started-at="2021-01-22T13:20:49 CET" name="cargarPaginaInicial" finished-at="2021-01-22T13:20:50 CET" duration-ms="541" status="PASS">
          <reporter-output>
          </reporter-output>
        </test-method> <!-- cargarPaginaInicial -->
        <test-method signature="encuentraFarmaciaParametros(java.lang.String, java.lang.String, java.lang.String, java.lang.String, java.lang.String)[pri:0, instance:zz210120.EncontrarFarmaciaConFecha@1b6e1eff]" started-at="2021-01-22T13:20:50 CET" name="encuentraFarmaciaParametros" data-provider="EncoFarmProvider" finished-at="2021-01-22T13:20:58 CET" duration-ms="8834" status="PASS">
          <params>
            <param index="0">
              <value>
                <![CDATA[TOLEDO]]>
              </value>
            </param>
            <param index="1">
              <value>
                <![CDATA[ACECA]]>
              </value>
            </param>
            <param index="2">
              <value>
                <![CDATA[2018]]>
              </value>
            </param>
            <param index="3">
              <value>
                <![CDATA[ABR]]>
              </value>
            </param>
            <param index="4">
              <value>
                <![CDATA[25]]>
              </value>
            </param>
          </params>
          <reporter-output>
          </reporter-output>
        </test-method> <!-- encuentraFarmaciaParametros -->
      </class> <!-- zz210120.EncontrarFarmaciaConFecha -->
      <class name="zz210120.IniciarSesionDniElectronico">
        <test-method is-config="true" signature="cargaPropiedades()[pri:0, instance:zz210120.IniciarSesionDniElectronico@4da4253]" started-at="2021-01-22T13:19:07 CET" name="cargaPropiedades" finished-at="2021-01-22T13:19:16 CET" duration-ms="9083" status="PASS">
          <reporter-output>
          </reporter-output>
        </test-method> <!-- cargaPropiedades -->
        <test-method is-config="true" signature="tearDoown()[pri:0, instance:zz210120.IniciarSesionDniElectronico@4da4253]" started-at="2021-01-22T13:20:58 CET" name="tearDoown" finished-at="2021-01-22T13:20:58 CET" duration-ms="104" status="PASS">
          <reporter-output>
          </reporter-output>
        </test-method> <!-- tearDoown -->
      </class> <!-- zz210120.IniciarSesionDniElectronico -->
      <class name="zz210120.AbrirCoronavirus">
        <test-method is-config="true" signature="cargarPaginaInicial()[pri:0, instance:zz210120.AbrirCoronavirus@a2431d0]" started-at="2021-01-22T13:20:09 CET" name="cargarPaginaInicial" finished-at="2021-01-22T13:20:10 CET" duration-ms="310" status="PASS">
          <reporter-output>
          </reporter-output>
        </test-method> <!-- cargarPaginaInicial -->
        <test-method is-config="true" signature="cargaPropiedadesMásIdentificarSiNoSeHaHecho()[pri:0, instance:zz210120.AbrirCoronavirus@a2431d0]" started-at="2021-01-22T13:20:09 CET" name="cargaPropiedadesMásIdentificarSiNoSeHaHecho" finished-at="2021-01-22T13:20:09 CET" duration-ms="0" status="PASS">
          <reporter-output>
          </reporter-output>
        </test-method> <!-- cargaPropiedadesMásIdentificarSiNoSeHaHecho -->
        <test-method signature="comprobarEnlaceCoronavirus()[pri:0, instance:zz210120.AbrirCoronavirus@a2431d0]" started-at="2021-01-22T13:20:10 CET" name="comprobarEnlaceCoronavirus" finished-at="2021-01-22T13:20:12 CET" duration-ms="2507" status="PASS">
          <reporter-output>
          </reporter-output>
        </test-method> <!-- comprobarEnlaceCoronavirus -->
      </class> <!-- zz210120.AbrirCoronavirus -->
      <class name="zz210120.CargaNotificacionesY3Mas">
        <test-method is-config="true" signature="cargaPropiedadesMásIdentificarSiNoSeHaHecho()[pri:0, instance:zz210120.CargaNotificacionesY3Mas@31e5415e]" started-at="2021-01-22T13:20:05 CET" name="cargaPropiedadesMásIdentificarSiNoSeHaHecho" finished-at="2021-01-22T13:20:05 CET" duration-ms="1" status="PASS">
          <reporter-output>
          </reporter-output>
        </test-method> <!-- cargaPropiedadesMásIdentificarSiNoSeHaHecho -->
        <test-method is-config="true" signature="cargarPaginaInicial()[pri:0, instance:zz210120.CargaNotificacionesY3Mas@31e5415e]" started-at="2021-01-22T13:20:05 CET" name="cargarPaginaInicial" finished-at="2021-01-22T13:20:05 CET" duration-ms="377" status="PASS">
          <reporter-output>
          </reporter-output>
        </test-method> <!-- cargarPaginaInicial -->
        <test-method signature="masAyuda()[pri:0, instance:zz210120.CargaNotificacionesY3Mas@31e5415e]" started-at="2021-01-22T13:20:05 CET" name="masAyuda" finished-at="2021-01-22T13:20:06 CET" duration-ms="359" status="PASS">
          <reporter-output>
          </reporter-output>
        </test-method> <!-- masAyuda -->
        <test-method is-config="true" signature="cargarPaginaInicial()[pri:0, instance:zz210120.CargaNotificacionesY3Mas@31e5415e]" started-at="2021-01-22T13:20:06 CET" name="cargarPaginaInicial" finished-at="2021-01-22T13:20:06 CET" duration-ms="558" status="PASS">
          <reporter-output>
          </reporter-output>
        </test-method> <!-- cargarPaginaInicial -->
        <test-method signature="masContacto()[pri:0, instance:zz210120.CargaNotificacionesY3Mas@31e5415e]" started-at="2021-01-22T13:20:06 CET" name="masContacto" finished-at="2021-01-22T13:20:08 CET" duration-ms="1487" status="PASS">
          <reporter-output>
          </reporter-output>
        </test-method> <!-- masContacto -->
        <test-method is-config="true" signature="cargarPaginaInicial()[pri:0, instance:zz210120.CargaNotificacionesY3Mas@31e5415e]" started-at="2021-01-22T13:20:08 CET" name="cargarPaginaInicial" finished-at="2021-01-22T13:20:08 CET" duration-ms="468" status="PASS">
          <reporter-output>
          </reporter-output>
        </test-method> <!-- cargarPaginaInicial -->
        <test-method signature="masPrivacidad()[pri:0, instance:zz210120.CargaNotificacionesY3Mas@31e5415e]" started-at="2021-01-22T13:20:08 CET" name="masPrivacidad" finished-at="2021-01-22T13:20:09 CET" duration-ms="698" status="PASS">
          <reporter-output>
          </reporter-output>
        </test-method> <!-- masPrivacidad -->
        <test-method is-config="true" signature="cargarPaginaInicial()[pri:0, instance:zz210120.CargaNotificacionesY3Mas@31e5415e]" started-at="2021-01-22T13:20:09 CET" name="cargarPaginaInicial" finished-at="2021-01-22T13:20:09 CET" duration-ms="374" status="PASS">
          <reporter-output>
          </reporter-output>
        </test-method> <!-- cargarPaginaInicial -->
        <test-method signature="mostarNotificaciones()[pri:0, instance:zz210120.CargaNotificacionesY3Mas@31e5415e]" started-at="2021-01-22T13:20:09 CET" name="mostarNotificaciones" finished-at="2021-01-22T13:20:09 CET" duration-ms="94" status="PASS">
          <reporter-output>
          </reporter-output>
        </test-method> <!-- mostarNotificaciones -->
      </class> <!-- zz210120.CargaNotificacionesY3Mas -->
      <class name="zz210120.TelefonoPopUp">
        <test-method is-config="true" signature="cargaPropiedadesMásIdentificarSiNoSeHaHecho()[pri:0, instance:zz210120.TelefonoPopUp@1a4013]" started-at="2021-01-22T13:20:19 CET" name="cargaPropiedadesMásIdentificarSiNoSeHaHecho" finished-at="2021-01-22T13:20:19 CET" duration-ms="0" status="PASS">
          <reporter-output>
          </reporter-output>
        </test-method> <!-- cargaPropiedadesMásIdentificarSiNoSeHaHecho -->
        <test-method is-config="true" signature="cargarPaginaInicial()[pri:0, instance:zz210120.TelefonoPopUp@1a4013]" started-at="2021-01-22T13:20:19 CET" name="cargarPaginaInicial" finished-at="2021-01-22T13:20:19 CET" duration-ms="360" status="PASS">
          <reporter-output>
          </reporter-output>
        </test-method> <!-- cargarPaginaInicial -->
        <test-method signature="comprobarClickTelefono()[pri:0, instance:zz210120.TelefonoPopUp@1a4013]" started-at="2021-01-22T13:20:19 CET" name="comprobarClickTelefono" finished-at="2021-01-22T13:20:19 CET" duration-ms="210" status="PASS">
          <reporter-output>
          </reporter-output>
        </test-method> <!-- comprobarClickTelefono -->
      </class> <!-- zz210120.TelefonoPopUp -->
      <class name="zz210120.PedirCita2Links">
        <test-method is-config="true" signature="cargaPropiedades()[pri:0, instance:zz210120.PedirCita2Links@1cbb87f3]" started-at="2021-01-22T13:20:12 CET" name="cargaPropiedades" finished-at="2021-01-22T13:20:12 CET" duration-ms="0" status="PASS">
          <reporter-output>
          </reporter-output>
        </test-method> <!-- cargaPropiedades -->
        <test-method is-config="true" signature="cargarPaginaInicial()[pri:0, instance:zz210120.PedirCita2Links@1cbb87f3]" started-at="2021-01-22T13:20:12 CET" name="cargarPaginaInicial" finished-at="2021-01-22T13:20:13 CET" duration-ms="630" status="PASS">
          <reporter-output>
          </reporter-output>
        </test-method> <!-- cargarPaginaInicial -->
        <test-method signature="paginaInicioCitaPreviaAtencionHospitalaria()[pri:0, instance:zz210120.PedirCita2Links@1cbb87f3]" started-at="2021-01-22T13:20:13 CET" name="paginaInicioCitaPreviaAtencionHospitalaria" finished-at="2021-01-22T13:20:17 CET" duration-ms="3687" status="PASS">
          <reporter-output>
          </reporter-output>
        </test-method> <!-- paginaInicioCitaPreviaAtencionHospitalaria -->
        <test-method is-config="true" signature="cargarPaginaInicial()[pri:0, instance:zz210120.PedirCita2Links@1cbb87f3]" started-at="2021-01-22T13:20:17 CET" name="cargarPaginaInicial" finished-at="2021-01-22T13:20:17 CET" duration-ms="375" status="PASS">
          <reporter-output>
          </reporter-output>
        </test-method> <!-- cargarPaginaInicial -->
        <test-method signature="paginaInicioCitaPreviaAtencionPrimaria()[pri:0, instance:zz210120.PedirCita2Links@1cbb87f3]" started-at="2021-01-22T13:20:17 CET" name="paginaInicioCitaPreviaAtencionPrimaria" finished-at="2021-01-22T13:20:19 CET" duration-ms="1827" status="PASS">
          <reporter-output>
          </reporter-output>
        </test-method> <!-- paginaInicioCitaPreviaAtencionPrimaria -->
      </class> <!-- zz210120.PedirCita2Links -->
    </test> <!-- Pruebas sin identificacion -->
  </suite> <!-- Conjunto de todas las pruebas -->
</testng-results>
